{"C:\\Users\\ITCompliance\\Documents\\Ernest Project\\Build-tools-showcase\\src\\index.ts": {"path":"C:\\Users\\ITCompliance\\Documents\\Ernest Project\\Build-tools-showcase\\src\\index.ts","statementMap":{"0":{"start":{"line":5,"column":0},"end":{"line":5,"column":16}},"1":{"start":{"line":14,"column":0},"end":{"line":14,"column":16}},"2":{"start":{"line":55,"column":0},"end":{"line":55,"column":7}},"3":{"start":{"line":1,"column":0},"end":{"line":1,"column":null}},"4":{"start":{"line":3,"column":0},"end":{"line":3,"column":null}},"5":{"start":{"line":9,"column":2},"end":{"line":11,"column":null}},"6":{"start":{"line":10,"column":4},"end":{"line":10,"column":null}},"7":{"start":{"line":20,"column":2},"end":{"line":20,"column":null}},"8":{"start":{"line":22,"column":4},"end":{"line":24,"column":66}},"9":{"start":{"line":24,"column":31},"end":{"line":24,"column":65}},"10":{"start":{"line":26,"column":2},"end":{"line":43,"column":null}},"11":{"start":{"line":27,"column":17},"end":{"line":27,"column":46}},"12":{"start":{"line":28,"column":4},"end":{"line":28,"column":null}},"13":{"start":{"line":29,"column":4},"end":{"line":41,"column":null}},"14":{"start":{"line":42,"column":4},"end":{"line":42,"column":null}},"15":{"start":{"line":46,"column":15},"end":{"line":46,"column":46}},"16":{"start":{"line":47,"column":2},"end":{"line":52,"column":null}},"17":{"start":{"line":48,"column":4},"end":{"line":51,"column":null}},"18":{"start":{"line":55,"column":35},"end":{"line":55,"column":null}},"19":{"start":{"line":55,"column":35},"end":{"line":137,"column":null}},"20":{"start":{"line":57,"column":21},"end":{"line":57,"column":50}},"21":{"start":{"line":58,"column":22},"end":{"line":59,"column":null}},"22":{"start":{"line":61,"column":2},"end":{"line":64,"column":null}},"23":{"start":{"line":62,"column":4},"end":{"line":62,"column":null}},"24":{"start":{"line":63,"column":4},"end":{"line":63,"column":null}},"25":{"start":{"line":67,"column":2},"end":{"line":73,"column":null}},"26":{"start":{"line":68,"column":4},"end":{"line":72,"column":null}},"27":{"start":{"line":69,"column":27},"end":{"line":69,"column":72}},"28":{"start":{"line":70,"column":6},"end":{"line":70,"column":null}},"29":{"start":{"line":71,"column":6},"end":{"line":71,"column":null}},"30":{"start":{"line":75,"column":2},"end":{"line":136,"column":null}},"31":{"start":{"line":77,"column":18},"end":{"line":77,"column":52}},"32":{"start":{"line":78,"column":4},"end":{"line":78,"column":null}},"33":{"start":{"line":78,"column":22},"end":{"line":78,"column":null}},"34":{"start":{"line":79,"column":14},"end":{"line":79,"column":54}},"35":{"start":{"line":80,"column":22},"end":{"line":80,"column":75}},"36":{"start":{"line":82,"column":4},"end":{"line":85,"column":null}},"37":{"start":{"line":83,"column":6},"end":{"line":83,"column":null}},"38":{"start":{"line":84,"column":6},"end":{"line":84,"column":null}},"39":{"start":{"line":88,"column":23},"end":{"line":90,"column":null}},"40":{"start":{"line":90,"column":59},"end":{"line":90,"column":72}},"41":{"start":{"line":94,"column":19},"end":{"line":94,"column":48}},"42":{"start":{"line":95,"column":4},"end":{"line":95,"column":null}},"43":{"start":{"line":96,"column":4},"end":{"line":102,"column":null}},"44":{"start":{"line":97,"column":18},"end":{"line":97,"column":50}},"45":{"start":{"line":98,"column":6},"end":{"line":98,"column":null}},"46":{"start":{"line":99,"column":6},"end":{"line":99,"column":null}},"47":{"start":{"line":100,"column":6},"end":{"line":100,"column":null}},"48":{"start":{"line":101,"column":6},"end":{"line":101,"column":null}},"49":{"start":{"line":103,"column":4},"end":{"line":103,"column":null}},"50":{"start":{"line":106,"column":26},"end":{"line":106,"column":55}},"51":{"start":{"line":107,"column":4},"end":{"line":107,"column":null}},"52":{"start":{"line":108,"column":4},"end":{"line":108,"column":null}},"53":{"start":{"line":111,"column":4},"end":{"line":111,"column":null}},"54":{"start":{"line":114,"column":4},"end":{"line":122,"column":null}},"55":{"start":{"line":115,"column":21},"end":{"line":115,"column":48}},"56":{"start":{"line":116,"column":6},"end":{"line":121,"column":null}},"57":{"start":{"line":117,"column":25},"end":{"line":117,"column":61}},"58":{"start":{"line":118,"column":8},"end":{"line":120,"column":null}},"59":{"start":{"line":119,"column":10},"end":{"line":119,"column":null}},"60":{"start":{"line":125,"column":19},"end":{"line":125,"column":68}},"61":{"start":{"line":126,"column":4},"end":{"line":128,"column":null}},"62":{"start":{"line":127,"column":6},"end":{"line":127,"column":null}},"63":{"start":{"line":130,"column":4},"end":{"line":130,"column":null}},"64":{"start":{"line":131,"column":22},"end":{"line":131,"column":75}},"65":{"start":{"line":132,"column":4},"end":{"line":135,"column":null}},"66":{"start":{"line":133,"column":6},"end":{"line":134,"column":null}},"67":{"start":{"line":137,"column":1},"end":{"line":137,"column":null}},"68":{"start":{"line":139,"column":0},"end":{"line":139,"column":null}}},"fnMap":{"0":{"name":"updateThemeToggleIcon","decl":{"start":{"line":5,"column":16},"end":{"line":5,"column":37}},"loc":{"start":{"line":7,"column":39},"end":{"line":12,"column":null}}},"1":{"name":"renderCards","decl":{"start":{"line":14,"column":16},"end":{"line":14,"column":27}},"loc":{"start":{"line":18,"column":21},"end":{"line":53,"column":1}}},"2":{"name":"(anonymous_9)","decl":{"start":{"line":24,"column":22},"end":{"line":24,"column":26}},"loc":{"start":{"line":24,"column":31},"end":{"line":24,"column":65}}},"3":{"name":"(anonymous_10)","decl":{"start":{"line":26,"column":25},"end":{"line":26,"column":40}},"loc":{"start":{"line":26,"column":44},"end":{"line":43,"column":3}}},"4":{"name":"(anonymous_11)","decl":{"start":{"line":47,"column":16},"end":{"line":47,"column":19}},"loc":{"start":{"line":47,"column":23},"end":{"line":52,"column":3}}},"5":{"name":"initializeApp","decl":{"start":{"line":55,"column":22},"end":{"line":55,"column":35}},"loc":{"start":{"line":55,"column":35},"end":{"line":55,"column":null}}},"6":{"name":"_initializeApp","decl":{"start":{"line":55,"column":35},"end":{"line":55,"column":null}},"loc":{"start":{"line":55,"column":35},"end":{"line":137,"column":null}}},"7":{"name":"(anonymous_14)","decl":{"start":{"line":55,"column":7},"end":{"line":55,"column":22}},"loc":{"start":{"line":55,"column":35},"end":{"line":137,"column":1}}},"8":{"name":"(anonymous_15)","decl":{"start":{"line":68,"column":42},"end":{"line":68,"column":47}},"loc":{"start":{"line":68,"column":47},"end":{"line":72,"column":5}}},"9":{"name":"(anonymous_16)","decl":{"start":{"line":90,"column":50},"end":{"line":90,"column":54}},"loc":{"start":{"line":90,"column":59},"end":{"line":90,"column":72}}},"10":{"name":"(anonymous_17)","decl":{"start":{"line":96,"column":24},"end":{"line":96,"column":32}},"loc":{"start":{"line":96,"column":36},"end":{"line":102,"column":5}}},"11":{"name":"(anonymous_18)","decl":{"start":{"line":114,"column":38},"end":{"line":114,"column":43}},"loc":{"start":{"line":114,"column":47},"end":{"line":122,"column":5}}}},"branchMap":{"0":{"loc":{"start":{"line":9,"column":2},"end":{"line":11,"column":null}},"type":"if","locations":[{"start":{"line":9,"column":2},"end":{"line":11,"column":null}}]},"1":{"loc":{"start":{"line":10,"column":30},"end":{"line":10,"column":51}},"type":"cond-expr","locations":[{"start":{"line":10,"column":40},"end":{"line":10,"column":44}},{"start":{"line":10,"column":47},"end":{"line":10,"column":51}}]},"2":{"loc":{"start":{"line":22,"column":4},"end":{"line":24,"column":66}},"type":"cond-expr","locations":[{"start":{"line":23,"column":8},"end":{"line":23,"column":13}},{"start":{"line":24,"column":8},"end":{"line":24,"column":66}}]},"3":{"loc":{"start":{"line":61,"column":2},"end":{"line":64,"column":null}},"type":"if","locations":[{"start":{"line":61,"column":2},"end":{"line":64,"column":null}}]},"4":{"loc":{"start":{"line":67,"column":2},"end":{"line":73,"column":null}},"type":"if","locations":[{"start":{"line":67,"column":2},"end":{"line":73,"column":null}}]},"5":{"loc":{"start":{"line":70,"column":36},"end":{"line":70,"column":67}},"type":"cond-expr","locations":[{"start":{"line":70,"column":51},"end":{"line":70,"column":58}},{"start":{"line":70,"column":61},"end":{"line":70,"column":67}}]},"6":{"loc":{"start":{"line":78,"column":4},"end":{"line":78,"column":null}},"type":"if","locations":[{"start":{"line":78,"column":4},"end":{"line":78,"column":null}}]},"7":{"loc":{"start":{"line":82,"column":4},"end":{"line":85,"column":null}},"type":"if","locations":[{"start":{"line":82,"column":4},"end":{"line":85,"column":null}}]},"8":{"loc":{"start":{"line":116,"column":6},"end":{"line":121,"column":null}},"type":"if","locations":[{"start":{"line":116,"column":6},"end":{"line":121,"column":null}}]},"9":{"loc":{"start":{"line":118,"column":8},"end":{"line":120,"column":null}},"type":"if","locations":[{"start":{"line":118,"column":8},"end":{"line":120,"column":null}}]},"10":{"loc":{"start":{"line":126,"column":4},"end":{"line":128,"column":null}},"type":"if","locations":[{"start":{"line":126,"column":4},"end":{"line":128,"column":null}}]},"11":{"loc":{"start":{"line":132,"column":4},"end":{"line":135,"column":null}},"type":"if","locations":[{"start":{"line":132,"column":4},"end":{"line":135,"column":null}}]}},"s":{"0":3,"1":3,"2":3,"3":3,"4":3,"5":6,"6":5,"7":9,"8":9,"9":3,"10":9,"11":9,"12":9,"13":9,"14":9,"15":9,"16":9,"17":19,"18":8,"19":1,"20":8,"21":8,"22":8,"23":1,"24":1,"25":8,"26":8,"27":2,"28":2,"29":2,"30":8,"31":8,"32":7,"33":0,"34":7,"35":7,"36":7,"37":1,"38":1,"39":6,"40":5,"41":6,"42":6,"43":6,"44":11,"45":11,"46":11,"47":11,"48":11,"49":6,"50":6,"51":6,"52":6,"53":6,"54":6,"55":1,"56":1,"57":1,"58":1,"59":1,"60":6,"61":6,"62":6,"63":1,"64":1,"65":1,"66":1,"67":1,"68":3},"f":{"0":6,"1":9,"2":3,"3":9,"4":19,"5":8,"6":1,"7":8,"8":2,"9":5,"10":11,"11":1},"b":{"0":[5],"1":[3,2],"2":[7,2],"3":[1],"4":[8],"5":[1,1],"6":[0],"7":[1],"8":[1],"9":[1],"10":[6],"11":[1]}}
}
