TN:
SF:src\index.ts
FN:5,updateThemeToggleIcon
FN:14,renderCards
FN:24,(anonymous_9)
FN:26,(anonymous_10)
FN:47,(anonymous_11)
FN:55,initializeApp
FN:55,_initializeApp
FN:55,(anonymous_14)
FN:68,(anonymous_15)
FN:90,(anonymous_16)
FN:96,(anonymous_17)
FN:114,(anonymous_18)
FNF:12
FNH:12
FNDA:6,updateThemeToggleIcon
FNDA:9,renderCards
FNDA:3,(anonymous_9)
FNDA:9,(anonymous_10)
FNDA:19,(anonymous_11)
FNDA:8,initializeApp
FNDA:1,_initializeApp
FNDA:8,(anonymous_14)
FNDA:2,(anonymous_15)
FNDA:5,(anonymous_16)
FNDA:11,(anonymous_17)
FNDA:1,(anonymous_18)
DA:1,3
DA:3,3
DA:5,3
DA:9,6
DA:10,5
DA:14,3
DA:20,9
DA:22,9
DA:24,3
DA:26,9
DA:27,9
DA:28,9
DA:29,9
DA:42,9
DA:46,9
DA:47,9
DA:48,19
DA:55,8
DA:57,8
DA:58,8
DA:61,8
DA:62,1
DA:63,1
DA:67,8
DA:68,8
DA:69,2
DA:70,2
DA:71,2
DA:75,8
DA:77,8
DA:78,7
DA:79,7
DA:80,7
DA:82,7
DA:83,1
DA:84,1
DA:88,6
DA:90,5
DA:94,6
DA:95,6
DA:96,6
DA:97,11
DA:98,11
DA:99,11
DA:100,11
DA:101,11
DA:103,6
DA:106,6
DA:107,6
DA:108,6
DA:111,6
DA:114,6
DA:115,1
DA:116,1
DA:117,1
DA:118,1
DA:119,1
DA:125,6
DA:126,6
DA:127,6
DA:130,1
DA:131,1
DA:132,1
DA:133,1
DA:137,1
DA:139,3
LF:66
LH:66
BRDA:9,0,0,5
BRDA:10,1,0,3
BRDA:10,1,1,2
BRDA:22,2,0,7
BRDA:22,2,1,2
BRDA:61,3,0,1
BRDA:67,4,0,8
BRDA:70,5,0,1
BRDA:70,5,1,1
BRDA:78,6,0,0
BRDA:82,7,0,1
BRDA:116,8,0,1
BRDA:118,9,0,1
BRDA:126,10,0,6
BRDA:132,11,0,1
BRF:15
BRH:14
end_of_record
